app/build/intermediates/manifest_merge_blame_file/debug/manifest-merger-blame-debug-report.txt
1<?xml version="1.0" encoding="utf-8"?>
2<manifest xmlns:android="http://schemas.android.com/apk/res/android"
3    package="a.darkr.fitlog1"
4    android:versionCode="1"
5    android:versionName="1.0" >
6
7    <uses-sdk
8        android:minSdkVersion="15"
8-->src\main\AndroidManifest.xml
9        android:targetSdkVersion="27" />
9-->src\main\AndroidManifest.xml
10
11    <application
11-->src\main\AndroidManifest.xml:5:5-26:19
12        android:allowBackup="true"
12-->src\main\AndroidManifest.xml:6:9-35
13        android:debuggable="true"
14        android:icon="@mipmap/ic_launcher"
14-->src\main\AndroidManifest.xml:7:9-43
15        android:label="@string/app_name"
15-->src\main\AndroidManifest.xml:8:9-41
16        android:roundIcon="@mipmap/ic_launcher_round"
16-->src\main\AndroidManifest.xml:9:9-54
17        android:supportsRtl="true"
17-->src\main\AndroidManifest.xml:10:9-35
18        android:testOnly="true"
19        android:theme="@style/AppTheme" >
19-->src\main\AndroidManifest.xml:11:9-40
20        <activity android:name="a.darkr.fitlog1.RoutineDetails" />
20-->src\main\AndroidManifest.xml:12:9-61
20-->src\main\AndroidManifest.xml:12:19-49
21        <activity android:name="a.darkr.fitlog1.ListExercises" />
21-->src\main\AndroidManifest.xml:13:9-51
21-->src\main\AndroidManifest.xml:13:19-48
22        <activity android:name="a.darkr.fitlog1.CreateRoutine" />
22-->src\main\AndroidManifest.xml:14:9-51
22-->src\main\AndroidManifest.xml:14:19-48
23        <activity android:name="a.darkr.fitlog1.ExerciseDetails" />
23-->src\main\AndroidManifest.xml:15:9-53
23-->src\main\AndroidManifest.xml:15:19-50
24        <activity android:name="a.darkr.fitlog1.Timetable" >
24-->src\main\AndroidManifest.xml:16:9-22:20
24-->src\main\AndroidManifest.xml:16:19-44
25            <intent-filter>
25-->src\main\AndroidManifest.xml:17:13-21:29
26                <action android:name="android.intent.action.MAIN" />
26-->src\main\AndroidManifest.xml:18:17-69
26-->src\main\AndroidManifest.xml:18:25-66
27
28                <category android:name="android.intent.category.LAUNCHER" />
28-->src\main\AndroidManifest.xml:20:17-77
28-->src\main\AndroidManifest.xml:20:27-74
29            </intent-filter>
30        </activity>
31        <activity android:name="a.darkr.fitlog1.Exercises" />
31-->src\main\AndroidManifest.xml:23:9-47
31-->src\main\AndroidManifest.xml:23:19-44
32        <activity android:name="a.darkr.fitlog1.Routines" />
32-->src\main\AndroidManifest.xml:24:9-46
32-->src\main\AndroidManifest.xml:24:19-43
33        <activity android:name="a.darkr.fitlog1.CreateExercise" />
33-->src\main\AndroidManifest.xml:25:9-52
33-->src\main\AndroidManifest.xml:25:19-49
34    </application>
35
36</manifest>